[debug] [2021-12-18T08:41:06.171Z] ----------------------------------------------------------------------
[debug] [2021-12-18T08:41:06.174Z] Command:       C:\Program Files\nodejs\node.exe C:\Users\DELL\AppData\Roaming\npm\node_modules\firebase-tools\lib\bin\firebase.js init
[debug] [2021-12-18T08:41:06.175Z] CLI Version:   9.5.0
[debug] [2021-12-18T08:41:06.175Z] Platform:      win32
[debug] [2021-12-18T08:41:06.175Z] Node Version:  v12.19.0
[debug] [2021-12-18T08:41:06.176Z] Time:          Sat Dec 18 2021 16:41:06 GMT+0800 (China Standard Time)
[debug] [2021-12-18T08:41:06.176Z] ----------------------------------------------------------------------
[debug] [2021-12-18T08:41:06.177Z] 
[debug] [2021-12-18T08:41:06.186Z] > command requires scopes: ["email","openid","https://www.googleapis.com/auth/cloudplatformprojects.readonly","https://www.googleapis.com/auth/firebase","https://www.googleapis.com/auth/cloud-platform"]
[debug] [2021-12-18T08:41:06.187Z] > authorizing via signed-in user
[info] 
     ######## #### ########  ######## ########     ###     ######  ########
     ##        ##  ##     ## ##       ##     ##  ##   ##  ##       ##
     ######    ##  ########  ######   ########  #########  ######  ######
     ##        ##  ##    ##  ##       ##     ## ##     ##       ## ##
     ##       #### ##     ## ######## ########  ##     ##  ######  ########

You're about to initialize a Firebase project in this directory:

  C:\Users\DELL

Before we get started, keep in mind:

  * You are initializing in an existing Firebase project directory

[info] 
=== Project Setup
[info] 
[info] First, let's associate this project directory with a Firebase project.
[info] You can create multiple project aliases by running firebase use --add, 
[info] but for now we'll just set up a default project.
[info] 
[info] i  .firebaserc already has a default project, using xzhak56mdzngflvje2ly3sg7tm2x. 
[debug] [2021-12-18T08:41:13.442Z] >>> [apiv2][query] GET https://firebase.googleapis.com/v1beta1/projects/xzhak56mdzngflvje2ly3sg7tm2x [none]
[debug] [2021-12-18T08:41:14.675Z] <<< [apiv2][status] GET https://firebase.googleapis.com/v1beta1/projects/xzhak56mdzngflvje2ly3sg7tm2x 200
[debug] [2021-12-18T08:41:14.675Z] <<< [apiv2][body] GET https://firebase.googleapis.com/v1beta1/projects/xzhak56mdzngflvje2ly3sg7tm2x {"projectId":"xzhak56mdzngflvje2ly3sg7tm2x","projectNumber":"177203510318","displayName":"XzhAK56MdzngFLvjE2ly3sg7tM2X","name":"projects/xzhak56mdzngflvje2ly3sg7tm2x","resources":{"hostingSite":"xzhak56mdzngflvje2ly3sg7tm2x"},"state":"ACTIVE"}
[info] 
=== Hosting Setup
[info] 
[info] Your public directory is the folder (relative to your project directory) that
[info] will contain Hosting assets to be uploaded with firebase deploy. If you
[info] have a build process for your assets, use your build's output directory.
[info] 
